2020-12-07 15:35:29,815 INFO [dump-all-ok] transport.type+DEFAULT_GROUP, 1606723448416, length=3, md5=b136ef5f6a01d816991fe3cf7a6ac763

2020-12-07 15:35:29,818 INFO [dump-all-ok] transport.server+DEFAULT_GROUP, 1606723448962, length=3, md5=b6d9dfc0fb54277321cebc0fff55df2f

2020-12-07 15:35:29,818 INFO [dump-all-ok] transport.heartbeat+DEFAULT_GROUP, 1606723449101, length=4, md5=b326b5062b2f0e69046810717534cb09

2020-12-07 15:35:29,818 INFO [dump-all-ok] transport.enableClientBatchSendRequest+DEFAULT_GROUP, 1606723449226, length=5, md5=68934a3e9455fa72420237eb05902327

2020-12-07 15:35:29,818 INFO [dump-all-ok] transport.threadFactory.bossThreadPrefix+DEFAULT_GROUP, 1606723449356, length=9, md5=0f8db59a3b7f2823f38a70c308361836

2020-12-07 15:35:29,819 INFO [dump-all-ok] transport.threadFactory.workerThreadPrefix+DEFAULT_GROUP, 1606723449480, length=20, md5=a78ec7ef5d1631754c4e72ae8a3e9205

2020-12-07 15:35:29,819 INFO [dump-all-ok] transport.threadFactory.serverExecutorThreadPrefix+DEFAULT_GROUP, 1606723449615, length=21, md5=11a36309f3d9df84fa8b59cf071fa2da

2020-12-07 15:35:29,819 INFO [dump-all-ok] transport.threadFactory.shareBossWorker+DEFAULT_GROUP, 1606723449739, length=5, md5=68934a3e9455fa72420237eb05902327

2020-12-07 15:35:29,819 INFO [dump-all-ok] transport.threadFactory.clientSelectorThreadPrefix+DEFAULT_GROUP, 1606723449916, length=19, md5=cd7ec5a06541e75f5a7913752322c3af

2020-12-07 15:35:29,820 INFO [dump-all-ok] transport.threadFactory.clientSelectorThreadSize+DEFAULT_GROUP, 1606723450054, length=1, md5=c4ca4238a0b923820dcc509a6f75849b

2020-12-07 15:35:29,820 INFO [dump-all-ok] transport.threadFactory.clientWorkerThreadPrefix+DEFAULT_GROUP, 1606723450182, length=23, md5=61cf4e69a56354cf72f46dc86414a57e

2020-12-07 15:35:29,820 INFO [dump-all-ok] transport.threadFactory.bossThreadSize+DEFAULT_GROUP, 1606723450286, length=1, md5=c4ca4238a0b923820dcc509a6f75849b

2020-12-07 15:35:29,820 INFO [dump-all-ok] transport.threadFactory.workerThreadSize+DEFAULT_GROUP, 1606723450398, length=7, md5=c21f969b5f03d33d43e04f8f136e7682

2020-12-07 15:35:29,820 INFO [dump-all-ok] transport.shutdown.wait+DEFAULT_GROUP, 1606723450527, length=1, md5=eccbc87e4b5ce2fe28308fd9f2a7baf3

2020-12-07 15:35:29,820 INFO [dump-all-ok] service.vgroupMapping.pagelaw-demo1-group+DEFAULT_GROUP, 1606723450653, length=7, md5=c21f969b5f03d33d43e04f8f136e7682

2020-12-07 15:35:29,820 INFO [dump-all-ok] service.vgroupMapping.demo-basic-group+DEFAULT_GROUP, 1606723451036, length=7, md5=c21f969b5f03d33d43e04f8f136e7682

2020-12-07 15:35:29,820 INFO [dump-all-ok] service.vgroupMapping.demo-user-group+DEFAULT_GROUP, 1606723450912, length=7, md5=c21f969b5f03d33d43e04f8f136e7682

2020-12-07 15:35:29,821 INFO [dump-all-ok] service.default.grouplist+DEFAULT_GROUP, 1606723451493, length=14, md5=c32ce0d3e264525dcdada751f98143a3

2020-12-07 15:35:29,821 INFO [dump-all-ok] service.enableDegrade+DEFAULT_GROUP, 1606723451606, length=5, md5=68934a3e9455fa72420237eb05902327

2020-12-07 15:35:29,821 INFO [dump-all-ok] service.disableGlobalTransaction+DEFAULT_GROUP, 1606723451717, length=5, md5=68934a3e9455fa72420237eb05902327

2020-12-07 15:35:29,821 INFO [dump-all-ok] client.rm.asyncCommitBufferLimit+DEFAULT_GROUP, 1606723451863, length=5, md5=b7a782741f667201b54880c925faec4b

2020-12-07 15:35:29,821 INFO [dump-all-ok] client.rm.lock.retryInterval+DEFAULT_GROUP, 1606723451989, length=2, md5=d3d9446802a44259755d38e6d163e820

2020-12-07 15:35:29,821 INFO [dump-all-ok] client.rm.lock.retryTimes+DEFAULT_GROUP, 1606723452114, length=2, md5=34173cb38f07f89ddbebc2ac9128303f

2020-12-07 15:35:29,821 INFO [dump-all-ok] client.rm.lock.retryPolicyBranchRollbackOnConflict+DEFAULT_GROUP, 1606723452239, length=4, md5=b326b5062b2f0e69046810717534cb09

2020-12-07 15:35:29,821 INFO [dump-all-ok] client.rm.reportRetryCount+DEFAULT_GROUP, 1606723452364, length=1, md5=e4da3b7fbbce2345d7772b0674a318d5

2020-12-07 15:35:29,821 INFO [dump-all-ok] client.rm.tableMetaCheckEnable+DEFAULT_GROUP, 1606723452489, length=5, md5=68934a3e9455fa72420237eb05902327

2020-12-07 15:35:29,821 INFO [dump-all-ok] client.rm.sqlParserType+DEFAULT_GROUP, 1606723452598, length=5, md5=3d650fb8a5df01600281d48c47c9fa60

2020-12-07 15:35:29,822 INFO [dump-all-ok] client.rm.reportSuccessEnable+DEFAULT_GROUP, 1606723452708, length=5, md5=68934a3e9455fa72420237eb05902327

2020-12-07 15:35:29,822 INFO [dump-all-ok] client.rm.sagaBranchRegisterEnable+DEFAULT_GROUP, 1606723452841, length=5, md5=68934a3e9455fa72420237eb05902327

2020-12-07 15:35:29,822 INFO [dump-all-ok] client.tm.commitRetryCount+DEFAULT_GROUP, 1606723452957, length=1, md5=e4da3b7fbbce2345d7772b0674a318d5

2020-12-07 15:35:29,822 INFO [dump-all-ok] client.tm.rollbackRetryCount+DEFAULT_GROUP, 1606723453067, length=1, md5=e4da3b7fbbce2345d7772b0674a318d5

2020-12-07 15:35:29,822 INFO [dump-all-ok] client.tm.degradeCheck+DEFAULT_GROUP, 1606723453197, length=5, md5=68934a3e9455fa72420237eb05902327

2020-12-07 15:35:29,822 INFO [dump-all-ok] client.tm.degradeCheckAllowTimes+DEFAULT_GROUP, 1606723453305, length=2, md5=d3d9446802a44259755d38e6d163e820

2020-12-07 15:35:29,822 INFO [dump-all-ok] client.tm.degradeCheckPeriod+DEFAULT_GROUP, 1606723453426, length=4, md5=08f90c1a417155361a5c4b8d297e0d78

2020-12-07 15:35:29,823 INFO [dump-all-ok] store.mode+DEFAULT_GROUP, 1606723453525, length=2, md5=d77d5e503ad1439f585ac494268b351b

2020-12-07 15:35:29,823 INFO [dump-all-ok] store.file.dir+DEFAULT_GROUP, 1606723453634, length=15, md5=6a8dec07c44c33a8a9247cba5710bbb2

2020-12-07 15:35:29,823 INFO [dump-all-ok] store.file.maxBranchSessionSize+DEFAULT_GROUP, 1606723453757, length=5, md5=c76fe1d8e08462434d800487585be217

2020-12-07 15:35:29,823 INFO [dump-all-ok] store.file.maxGlobalSessionSize+DEFAULT_GROUP, 1606723453872, length=3, md5=10a7cdd970fe135cf4f7bb55c0e3b59f

2020-12-07 15:35:29,823 INFO [dump-all-ok] store.file.fileWriteBufferCacheSize+DEFAULT_GROUP, 1606723453992, length=5, md5=c76fe1d8e08462434d800487585be217

2020-12-07 15:35:29,823 INFO [dump-all-ok] store.file.flushDiskMode+DEFAULT_GROUP, 1606723454107, length=5, md5=0df93e34273b367bb63bad28c94c78d5

2020-12-07 15:35:29,823 INFO [dump-all-ok] store.file.sessionReloadReadSize+DEFAULT_GROUP, 1606723454230, length=3, md5=f899139df5e1059396431415e770c6dd

2020-12-07 15:35:29,823 INFO [dump-all-ok] store.db.datasource+DEFAULT_GROUP, 1606723454349, length=5, md5=3d650fb8a5df01600281d48c47c9fa60

2020-12-07 15:35:29,823 INFO [dump-all-ok] store.db.dbType+DEFAULT_GROUP, 1606723454459, length=5, md5=81c3b080dad537de7e10e0987a4bf52e

2020-12-07 15:35:29,823 INFO [dump-all-ok] store.db.driverClassName+DEFAULT_GROUP, 1606723454572, length=24, md5=33763409bb7f4838bde4fae9540433e4

2020-12-07 15:35:29,823 INFO [dump-all-ok] store.db.url+DEFAULT_GROUP, 1606723510991, length=68, md5=4d1ec34a11c5c1c5d9ac091af314cff5

2020-12-07 15:35:29,824 INFO [dump-all-ok] store.db.user+DEFAULT_GROUP, 1606723454808, length=4, md5=63a9f0ea7bb98050796b649e85481845

2020-12-07 15:35:29,824 INFO [dump-all-ok] store.db.password+DEFAULT_GROUP, 1606723454926, length=4, md5=63a9f0ea7bb98050796b649e85481845

2020-12-07 15:35:29,824 INFO [dump-all-ok] store.db.minConn+DEFAULT_GROUP, 1606723455052, length=1, md5=e4da3b7fbbce2345d7772b0674a318d5

2020-12-07 15:35:29,824 INFO [dump-all-ok] store.db.maxConn+DEFAULT_GROUP, 1606723455162, length=2, md5=34173cb38f07f89ddbebc2ac9128303f

2020-12-07 15:35:29,824 INFO [dump-all-ok] store.db.globalTable+DEFAULT_GROUP, 1606723455279, length=12, md5=8b28fb6bb4c4f984df2709381f8eba2b

2020-12-07 15:35:29,824 INFO [dump-all-ok] store.db.branchTable+DEFAULT_GROUP, 1606723455402, length=12, md5=54bcdac38cf62e103fe115bcf46a660c

2020-12-07 15:35:29,824 INFO [dump-all-ok] store.db.queryLimit+DEFAULT_GROUP, 1606723455521, length=3, md5=f899139df5e1059396431415e770c6dd

2020-12-07 15:35:29,824 INFO [dump-all-ok] store.db.lockTable+DEFAULT_GROUP, 1606723455629, length=10, md5=55e0cae3b6dc6696b768db90098b8f2f

2020-12-07 15:35:29,824 INFO [dump-all-ok] store.db.maxWait+DEFAULT_GROUP, 1606723455739, length=4, md5=a35fe7f7fe8217b4369a0af4244d1fca

2020-12-07 15:35:29,824 INFO [dump-all-ok] store.redis.host+DEFAULT_GROUP, 1606723455864, length=9, md5=f528764d624db129b32c21fbca0cb8d6

2020-12-07 15:35:29,824 INFO [dump-all-ok] store.redis.port+DEFAULT_GROUP, 1606723455982, length=4, md5=92c3b916311a5517d9290576e3ea37ad

2020-12-07 15:35:29,824 INFO [dump-all-ok] store.redis.maxConn+DEFAULT_GROUP, 1606723456098, length=2, md5=d3d9446802a44259755d38e6d163e820

2020-12-07 15:35:29,824 INFO [dump-all-ok] store.redis.minConn+DEFAULT_GROUP, 1606723456211, length=1, md5=c4ca4238a0b923820dcc509a6f75849b

2020-12-07 15:35:29,825 INFO [dump-all-ok] store.redis.database+DEFAULT_GROUP, 1606723456321, length=1, md5=cfcd208495d565ef66e7dff9f98764da

2020-12-07 15:35:29,825 INFO [dump-all-ok] store.redis.password+DEFAULT_GROUP, 1606723456446, length=4, md5=37a6259cc0c1dae299a7866489dff0bd

2020-12-07 15:35:29,825 INFO [dump-all-ok] store.redis.queryLimit+DEFAULT_GROUP, 1606723456555, length=3, md5=f899139df5e1059396431415e770c6dd

2020-12-07 15:35:29,825 INFO [dump-all-ok] server.recovery.committingRetryPeriod+DEFAULT_GROUP, 1606723456676, length=4, md5=a9b7ba70783b617e9998dc4dd82eb3c5

2020-12-07 15:35:29,825 INFO [dump-all-ok] server.recovery.asynCommittingRetryPeriod+DEFAULT_GROUP, 1606723456786, length=4, md5=a9b7ba70783b617e9998dc4dd82eb3c5

2020-12-07 15:35:29,825 INFO [dump-all-ok] server.recovery.rollbackingRetryPeriod+DEFAULT_GROUP, 1606723456911, length=4, md5=a9b7ba70783b617e9998dc4dd82eb3c5

2020-12-07 15:35:29,825 INFO [dump-all-ok] server.recovery.timeoutRetryPeriod+DEFAULT_GROUP, 1606723457035, length=4, md5=a9b7ba70783b617e9998dc4dd82eb3c5

2020-12-07 15:35:29,825 INFO [dump-all-ok] server.maxCommitRetryTimeout+DEFAULT_GROUP, 1606723457152, length=2, md5=6bb61e3b7bce0931da574d19d1d82c88

2020-12-07 15:35:29,826 INFO [dump-all-ok] server.maxRollbackRetryTimeout+DEFAULT_GROUP, 1606723457270, length=2, md5=6bb61e3b7bce0931da574d19d1d82c88

2020-12-07 15:35:29,826 INFO [dump-all-ok] server.rollbackRetryTimeoutUnlockEnable+DEFAULT_GROUP, 1606723457387, length=5, md5=68934a3e9455fa72420237eb05902327

2020-12-07 15:35:29,826 INFO [dump-all-ok] client.undo.dataValidation+DEFAULT_GROUP, 1606723457507, length=4, md5=b326b5062b2f0e69046810717534cb09

2020-12-07 15:35:29,826 INFO [dump-all-ok] client.undo.logSerialization+DEFAULT_GROUP, 1606723457617, length=7, md5=b41779690b83f182acc67d6388c7bac9

2020-12-07 15:35:29,826 INFO [dump-all-ok] client.undo.onlyCareUpdateColumns+DEFAULT_GROUP, 1606723457730, length=4, md5=b326b5062b2f0e69046810717534cb09

2020-12-07 15:35:29,826 INFO [dump-all-ok] server.undo.logSaveDays+DEFAULT_GROUP, 1606723457854, length=1, md5=8f14e45fceea167a5a36dedd4bea2543

2020-12-07 15:35:29,826 INFO [dump-all-ok] server.undo.logDeletePeriod+DEFAULT_GROUP, 1606723457976, length=8, md5=f4c122804fe9076cb2710f55c3c6e346

2020-12-07 15:35:29,826 INFO [dump-all-ok] client.undo.logTable+DEFAULT_GROUP, 1606723458074, length=8, md5=2842d229c24afe9e61437135e8306614

2020-12-07 15:35:29,826 INFO [dump-all-ok] client.log.exceptionRate+DEFAULT_GROUP, 1606723458182, length=3, md5=f899139df5e1059396431415e770c6dd

2020-12-07 15:35:29,826 INFO [dump-all-ok] transport.serialization+DEFAULT_GROUP, 1606723458317, length=5, md5=b943081c423b9a5416a706524ee05d40

2020-12-07 15:35:29,826 INFO [dump-all-ok] transport.compressor+DEFAULT_GROUP, 1606723458430, length=4, md5=334c4a4c42fdb79d7ebc3e73b517e6f8

2020-12-07 15:35:29,826 INFO [dump-all-ok] metrics.enabled+DEFAULT_GROUP, 1606723458551, length=5, md5=68934a3e9455fa72420237eb05902327

2020-12-07 15:35:29,827 INFO [dump-all-ok] metrics.registryType+DEFAULT_GROUP, 1606723458676, length=7, md5=7cf74ca49c304df8150205fc915cd465

2020-12-07 15:35:29,827 INFO [dump-all-ok] metrics.exporterList+DEFAULT_GROUP, 1606723458804, length=10, md5=e4f00638b8a10e6994e67af2f832d51c

2020-12-07 15:35:29,827 INFO [dump-all-ok] metrics.exporterPrometheusPort+DEFAULT_GROUP, 1606723458926, length=4, md5=7b9dc501afe4ee11c56a4831e20cee71

