2020-12-07 15:35:26,798 INFO notifyConnectTimeout:200

2020-12-07 15:35:26,803 INFO notifySocketTimeout:8000

2020-12-07 15:35:26,803 INFO isHealthCheck:true

2020-12-07 15:35:26,803 INFO maxHealthCheckFailCount:12

2020-12-07 15:35:26,803 INFO maxContent:10485760

2020-12-07 15:35:27,618 INFO Schema 'NACOS' already exists.

2020-12-07 15:35:27,673 INFO Table/View 'CONFIG_INFO' already exists in Schema 'NACOS'.

2020-12-07 15:35:27,729 INFO Table/View 'HIS_CONFIG_INFO' already exists in Schema 'NACOS'.

2020-12-07 15:35:27,751 INFO Table/View 'CONFIG_INFO_BETA' already exists in Schema 'NACOS'.

2020-12-07 15:35:27,762 INFO Table/View 'CONFIG_INFO_TAG' already exists in Schema 'NACOS'.

2020-12-07 15:35:27,772 INFO Table/View 'CONFIG_INFO_AGGR' already exists in Schema 'NACOS'.

2020-12-07 15:35:27,784 INFO Table/View 'APP_LIST' already exists in Schema 'NACOS'.

2020-12-07 15:35:27,793 INFO Table/View 'APP_CONFIGDATA_RELATION_SUBS' already exists in Schema 'NACOS'.

2020-12-07 15:35:27,802 INFO Table/View 'APP_CONFIGDATA_RELATION_PUBS' already exists in Schema 'NACOS'.

2020-12-07 15:35:27,811 INFO Table/View 'CONFIG_TAGS_RELATION' already exists in Schema 'NACOS'.

2020-12-07 15:35:27,826 INFO Table/View 'GROUP_CAPACITY' already exists in Schema 'NACOS'.

2020-12-07 15:35:27,835 INFO Table/View 'TENANT_CAPACITY' already exists in Schema 'NACOS'.

2020-12-07 15:35:27,845 INFO Table/View 'TENANT_INFO' already exists in Schema 'NACOS'.

2020-12-07 15:35:27,862 INFO Table/View 'USERS' already exists in Schema 'NACOS'.

2020-12-07 15:35:27,872 INFO Table/View 'ROLES' already exists in Schema 'NACOS'.

2020-12-07 15:35:27,880 INFO Table/View 'PERMISSIONS' already exists in Schema 'NACOS'.

2020-12-07 15:35:27,997 INFO The statement was aborted because it would have caused a duplicate key value in a unique or primary key constraint or unique index identified by 'SQL201027143112150' defined on 'USERS'.

2020-12-07 15:35:28,006 INFO The statement was aborted because it would have caused a duplicate key value in a unique or primary key constraint or unique index identified by 'UK_USERNAME_ROLE' defined on 'ROLES'.

2020-12-07 15:35:29,550 INFO ServerListService address-server port:8080

2020-12-07 15:35:29,551 INFO ADDRESS_SERVER_URL:http://jmenv.tbsite.net:8080/nacos/serverlist

2020-12-07 15:35:29,554 WARN [serverlist] updated to [192.168.2.150:8848]

2020-12-07 15:35:29,652 WARN DumpService start

2020-12-07 15:35:29,658 INFO start clear all config-info.

2020-12-07 15:35:29,666 WARN clear all config-info failed.

2020-12-07 15:35:29,667 WARN clear all config-info-tenant failed.

2020-12-07 15:35:29,827 INFO [all-dump] 82 / 82

2020-12-07 15:35:29,827 INFO start clear all config-info-beta.

2020-12-07 15:35:29,827 WARN clear all config-info-beta failed.

2020-12-07 15:35:29,828 WARN clear all config-info-beta-tenant failed.

2020-12-07 15:35:29,841 INFO start clear all config-info-tag.

2020-12-07 15:35:29,842 WARN clear all config-info-tag failed.

2020-12-07 15:35:29,842 WARN clear all config-info-tag-tenant failed.

